26-May-2025 13:16:25.980 INFO [main] org.apache.catalina.startup.VersionLoggerListener.log Nombre de la versión del servidor: Apache Tomcat/10.1.41
26-May-2025 13:16:25.988 INFO [main] org.apache.catalina.startup.VersionLoggerListener.log Server built:                      May 8 2025 12:44:02 UTC
26-May-2025 13:16:25.990 INFO [main] org.apache.catalina.startup.VersionLoggerListener.log Número de versión de servidor:     10.1.41.0
26-May-2025 13:16:25.990 INFO [main] org.apache.catalina.startup.VersionLoggerListener.log OS Name:                           Windows 10
26-May-2025 13:16:25.991 INFO [main] org.apache.catalina.startup.VersionLoggerListener.log Versión de Systema Operativo:      10.0
26-May-2025 13:16:25.992 INFO [main] org.apache.catalina.startup.VersionLoggerListener.log Arquitectura:                      amd64
26-May-2025 13:16:25.992 INFO [main] org.apache.catalina.startup.VersionLoggerListener.log Java Home:                         C:\Program Files\Java\jdk-24
26-May-2025 13:16:25.993 INFO [main] org.apache.catalina.startup.VersionLoggerListener.log JVM Version:                       24.0.1+9-30
26-May-2025 13:16:25.993 INFO [main] org.apache.catalina.startup.VersionLoggerListener.log Vededor JVM:                       Oracle Corporation
26-May-2025 13:16:25.994 INFO [main] org.apache.catalina.startup.VersionLoggerListener.log CATALINA_BASE:                     C:\Users\USER\OneDrive\Documentos\Programacion_Anthony Ramírez\apache-tomcat-10.1.41
26-May-2025 13:16:25.994 INFO [main] org.apache.catalina.startup.VersionLoggerListener.log CATALINA_HOME:                     C:\Users\USER\OneDrive\Documentos\Programacion_Anthony Ramírez\apache-tomcat-10.1.41
26-May-2025 13:16:26.048 INFO [main] org.apache.catalina.startup.VersionLoggerListener.log Command line argument:             -Djava.util.logging.config.file=C:\Users\USER\OneDrive\Documentos\Programacion_Anthony Ramírez\apache-tomcat-10.1.41\conf\logging.properties
26-May-2025 13:16:26.049 INFO [main] org.apache.catalina.startup.VersionLoggerListener.log Command line argument:             -Djava.util.logging.manager=org.apache.juli.ClassLoaderLogManager
26-May-2025 13:16:26.050 INFO [main] org.apache.catalina.startup.VersionLoggerListener.log Command line argument:             -Djdk.tls.ephemeralDHKeySize=2048
26-May-2025 13:16:26.050 INFO [main] org.apache.catalina.startup.VersionLoggerListener.log Command line argument:             -Djava.protocol.handler.pkgs=org.apache.catalina.webresources
26-May-2025 13:16:26.051 INFO [main] org.apache.catalina.startup.VersionLoggerListener.log Command line argument:             -Dsun.io.useCanonCaches=false
26-May-2025 13:16:26.052 INFO [main] org.apache.catalina.startup.VersionLoggerListener.log Command line argument:             --add-opens=java.base/java.lang=ALL-UNNAMED
26-May-2025 13:16:26.053 INFO [main] org.apache.catalina.startup.VersionLoggerListener.log Command line argument:             --add-opens=java.base/java.lang.reflect=ALL-UNNAMED
26-May-2025 13:16:26.053 INFO [main] org.apache.catalina.startup.VersionLoggerListener.log Command line argument:             --add-opens=java.base/java.io=ALL-UNNAMED
26-May-2025 13:16:26.054 INFO [main] org.apache.catalina.startup.VersionLoggerListener.log Command line argument:             --add-opens=java.base/java.util=ALL-UNNAMED
26-May-2025 13:16:26.056 INFO [main] org.apache.catalina.startup.VersionLoggerListener.log Command line argument:             --add-opens=java.base/java.util.concurrent=ALL-UNNAMED
26-May-2025 13:16:26.057 INFO [main] org.apache.catalina.startup.VersionLoggerListener.log Command line argument:             --add-opens=java.rmi/sun.rmi.transport=ALL-UNNAMED
26-May-2025 13:16:26.059 INFO [main] org.apache.catalina.startup.VersionLoggerListener.log Command line argument:             -Dcatalina.base=C:\Users\USER\OneDrive\Documentos\Programacion_Anthony Ramírez\apache-tomcat-10.1.41
26-May-2025 13:16:26.060 INFO [main] org.apache.catalina.startup.VersionLoggerListener.log Command line argument:             -Dcatalina.home=C:\Users\USER\OneDrive\Documentos\Programacion_Anthony Ramírez\apache-tomcat-10.1.41
26-May-2025 13:16:26.061 INFO [main] org.apache.catalina.startup.VersionLoggerListener.log Command line argument:             -Djava.io.tmpdir=C:\Users\USER\OneDrive\Documentos\Programacion_Anthony Ramírez\apache-tomcat-10.1.41\temp
26-May-2025 13:16:26.088 INFO [main] org.apache.catalina.core.AprLifecycleListener.lifecycleEvent Cargada la biblioteca nativa APR de Apache Tomcat [2.0.8] con la versión APR [1.7.4].
26-May-2025 13:16:26.135 INFO [main] org.apache.catalina.core.AprLifecycleListener.initializeSSL OpenSSL inicializado correctamente [OpenSSL 3.0.14 4 Jun 2024]
26-May-2025 13:16:27.156 INFO [main] org.apache.coyote.AbstractProtocol.init Inicializando el manejador de protocolo ["http-nio-8080"]

26-May-2025 13:16:27.247 INFO [main] org.apache.catalina.startup.Catalina.load Server initialization in [1996] milliseconds
26-May-2025 13:16:27.430 INFO [main] org.apache.catalina.core.StandardService.startInternal Arrancando servicio [Catalina]
26-May-2025 13:16:27.431 INFO [main] org.apache.catalina.core.StandardEngine.startInternal Starting Servlet engine: [Apache Tomcat/10.1.41]
26-May-2025 13:16:27.468 INFO [main] org.apache.catalina.startup.HostConfig.deployDirectory Desplegando el directorio [C:\Users\USER\OneDrive\Documentos\Programacion_Anthony Ramírez\apache-tomcat-10.1.41\webapps\docs] de la aplicación web
26-May-2025 13:16:28.501 INFO [main] org.apache.catalina.startup.HostConfig.deployDirectory Deployment of web application directory [C:\Users\USER\OneDrive\Documentos\Programacion_Anthony Ramírez\apache-tomcat-10.1.41\webapps\docs] has finished in [1.021] ms
26-May-2025 13:16:28.502 INFO [main] org.apache.catalina.startup.HostConfig.deployDirectory Desplegando el directorio [C:\Users\USER\OneDrive\Documentos\Programacion_Anthony Ramírez\apache-tomcat-10.1.41\webapps\examples] de la aplicación web
26-May-2025 13:16:30.637 INFO [main] org.apache.catalina.startup.HostConfig.deployDirectory Deployment of web application directory [C:\Users\USER\OneDrive\Documentos\Programacion_Anthony Ramírez\apache-tomcat-10.1.41\webapps\examples] has finished in [2.135] ms
26-May-2025 13:16:30.639 INFO [main] org.apache.catalina.startup.HostConfig.deployDirectory Desplegando el directorio [C:\Users\USER\OneDrive\Documentos\Programacion_Anthony Ramírez\apache-tomcat-10.1.41\webapps\host-manager] de la aplicación web
26-May-2025 13:16:30.847 INFO [main] org.apache.catalina.startup.HostConfig.deployDirectory Deployment of web application directory [C:\Users\USER\OneDrive\Documentos\Programacion_Anthony Ramírez\apache-tomcat-10.1.41\webapps\host-manager] has finished in [209] ms
26-May-2025 13:16:30.848 INFO [main] org.apache.catalina.startup.HostConfig.deployDirectory Desplegando el directorio [C:\Users\USER\OneDrive\Documentos\Programacion_Anthony Ramírez\apache-tomcat-10.1.41\webapps\krakedev] de la aplicación web
26-May-2025 13:16:30.979 INFO [main] org.apache.catalina.startup.HostConfig.deployDirectory Deployment of web application directory [C:\Users\USER\OneDrive\Documentos\Programacion_Anthony Ramírez\apache-tomcat-10.1.41\webapps\krakedev] has finished in [130] ms
26-May-2025 13:16:30.980 INFO [main] org.apache.catalina.startup.HostConfig.deployDirectory Desplegando el directorio [C:\Users\USER\OneDrive\Documentos\Programacion_Anthony Ramírez\apache-tomcat-10.1.41\webapps\manager] de la aplicación web
26-May-2025 13:16:31.204 INFO [main] org.apache.catalina.startup.HostConfig.deployDirectory Deployment of web application directory [C:\Users\USER\OneDrive\Documentos\Programacion_Anthony Ramírez\apache-tomcat-10.1.41\webapps\manager] has finished in [225] ms
26-May-2025 13:16:31.211 INFO [main] org.apache.catalina.startup.HostConfig.deployDirectory Desplegando el directorio [C:\Users\USER\OneDrive\Documentos\Programacion_Anthony Ramírez\apache-tomcat-10.1.41\webapps\Proyecto] de la aplicación web
26-May-2025 13:16:31.366 INFO [main] org.apache.catalina.startup.HostConfig.deployDirectory Deployment of web application directory [C:\Users\USER\OneDrive\Documentos\Programacion_Anthony Ramírez\apache-tomcat-10.1.41\webapps\Proyecto] has finished in [156] ms
26-May-2025 13:16:31.367 INFO [main] org.apache.catalina.startup.HostConfig.deployDirectory Desplegando el directorio [C:\Users\USER\OneDrive\Documentos\Programacion_Anthony Ramírez\apache-tomcat-10.1.41\webapps\ROOT] de la aplicación web
26-May-2025 13:16:31.495 INFO [main] org.apache.catalina.startup.HostConfig.deployDirectory Deployment of web application directory [C:\Users\USER\OneDrive\Documentos\Programacion_Anthony Ramírez\apache-tomcat-10.1.41\webapps\ROOT] has finished in [128] ms
26-May-2025 13:16:31.496 INFO [main] org.apache.catalina.startup.HostConfig.deployDirectory Desplegando el directorio [C:\Users\USER\OneDrive\Documentos\Programacion_Anthony Ramírez\apache-tomcat-10.1.41\webapps\Viaje] de la aplicación web
26-May-2025 13:16:31.594 INFO [main] org.apache.catalina.startup.HostConfig.deployDirectory Deployment of web application directory [C:\Users\USER\OneDrive\Documentos\Programacion_Anthony Ramírez\apache-tomcat-10.1.41\webapps\Viaje] has finished in [98] ms
26-May-2025 13:16:31.608 INFO [main] org.apache.coyote.AbstractProtocol.start Starting ProtocolHandler ["http-nio-8080"]
26-May-2025 13:16:31.688 INFO [main] org.apache.catalina.startup.Catalina.start Server startup in [4432] milliseconds
