16-May-2025 00:16:05.940 INFO [main] org.apache.catalina.startup.VersionLoggerListener.log Nombre de la versión del servidor: Apache Tomcat/10.1.41
16-May-2025 00:16:05.946 INFO [main] org.apache.catalina.startup.VersionLoggerListener.log Server built:                      May 8 2025 12:44:02 UTC
16-May-2025 00:16:05.948 INFO [main] org.apache.catalina.startup.VersionLoggerListener.log Número de versión de servidor:     10.1.41.0
16-May-2025 00:16:05.948 INFO [main] org.apache.catalina.startup.VersionLoggerListener.log OS Name:                           Windows 10
16-May-2025 00:16:05.948 INFO [main] org.apache.catalina.startup.VersionLoggerListener.log Versión de Systema Operativo:      10.0
16-May-2025 00:16:05.949 INFO [main] org.apache.catalina.startup.VersionLoggerListener.log Arquitectura:                      amd64
16-May-2025 00:16:05.949 INFO [main] org.apache.catalina.startup.VersionLoggerListener.log Java Home:                         C:\Program Files\Java\jdk-24
16-May-2025 00:16:05.949 INFO [main] org.apache.catalina.startup.VersionLoggerListener.log JVM Version:                       24.0.1+9-30
16-May-2025 00:16:05.950 INFO [main] org.apache.catalina.startup.VersionLoggerListener.log Vededor JVM:                       Oracle Corporation
16-May-2025 00:16:05.950 INFO [main] org.apache.catalina.startup.VersionLoggerListener.log CATALINA_BASE:                     C:\Users\USER\OneDrive\Documentos\Programacion_Anthony Ramírez\apache-tomcat-10.1.41
16-May-2025 00:16:05.951 INFO [main] org.apache.catalina.startup.VersionLoggerListener.log CATALINA_HOME:                     C:\Users\USER\OneDrive\Documentos\Programacion_Anthony Ramírez\apache-tomcat-10.1.41
16-May-2025 00:16:05.978 INFO [main] org.apache.catalina.startup.VersionLoggerListener.log Command line argument:             -Djava.util.logging.config.file=C:\Users\USER\OneDrive\Documentos\Programacion_Anthony Ramírez\apache-tomcat-10.1.41\conf\logging.properties
16-May-2025 00:16:05.979 INFO [main] org.apache.catalina.startup.VersionLoggerListener.log Command line argument:             -Djava.util.logging.manager=org.apache.juli.ClassLoaderLogManager
16-May-2025 00:16:05.979 INFO [main] org.apache.catalina.startup.VersionLoggerListener.log Command line argument:             -Djdk.tls.ephemeralDHKeySize=2048
16-May-2025 00:16:05.979 INFO [main] org.apache.catalina.startup.VersionLoggerListener.log Command line argument:             -Djava.protocol.handler.pkgs=org.apache.catalina.webresources
16-May-2025 00:16:05.980 INFO [main] org.apache.catalina.startup.VersionLoggerListener.log Command line argument:             -Dsun.io.useCanonCaches=false
16-May-2025 00:16:05.981 INFO [main] org.apache.catalina.startup.VersionLoggerListener.log Command line argument:             --add-opens=java.base/java.lang=ALL-UNNAMED
16-May-2025 00:16:05.985 INFO [main] org.apache.catalina.startup.VersionLoggerListener.log Command line argument:             --add-opens=java.base/java.lang.reflect=ALL-UNNAMED
16-May-2025 00:16:05.986 INFO [main] org.apache.catalina.startup.VersionLoggerListener.log Command line argument:             --add-opens=java.base/java.io=ALL-UNNAMED
16-May-2025 00:16:05.990 INFO [main] org.apache.catalina.startup.VersionLoggerListener.log Command line argument:             --add-opens=java.base/java.util=ALL-UNNAMED
16-May-2025 00:16:05.991 INFO [main] org.apache.catalina.startup.VersionLoggerListener.log Command line argument:             --add-opens=java.base/java.util.concurrent=ALL-UNNAMED
16-May-2025 00:16:05.992 INFO [main] org.apache.catalina.startup.VersionLoggerListener.log Command line argument:             --add-opens=java.rmi/sun.rmi.transport=ALL-UNNAMED
16-May-2025 00:16:05.993 INFO [main] org.apache.catalina.startup.VersionLoggerListener.log Command line argument:             -Dcatalina.base=C:\Users\USER\OneDrive\Documentos\Programacion_Anthony Ramírez\apache-tomcat-10.1.41
16-May-2025 00:16:05.994 INFO [main] org.apache.catalina.startup.VersionLoggerListener.log Command line argument:             -Dcatalina.home=C:\Users\USER\OneDrive\Documentos\Programacion_Anthony Ramírez\apache-tomcat-10.1.41
16-May-2025 00:16:05.995 INFO [main] org.apache.catalina.startup.VersionLoggerListener.log Command line argument:             -Djava.io.tmpdir=C:\Users\USER\OneDrive\Documentos\Programacion_Anthony Ramírez\apache-tomcat-10.1.41\temp
16-May-2025 00:16:06.015 INFO [main] org.apache.catalina.core.AprLifecycleListener.lifecycleEvent Cargada la biblioteca nativa APR de Apache Tomcat [2.0.8] con la versión APR [1.7.4].
16-May-2025 00:16:06.060 INFO [main] org.apache.catalina.core.AprLifecycleListener.initializeSSL OpenSSL inicializado correctamente [OpenSSL 3.0.14 4 Jun 2024]
16-May-2025 00:16:06.824 INFO [main] org.apache.coyote.AbstractProtocol.init Inicializando el manejador de protocolo ["http-nio-8080"]

16-May-2025 00:16:06.885 INFO [main] org.apache.catalina.startup.Catalina.load Server initialization in [1450] milliseconds
16-May-2025 00:16:07.030 INFO [main] org.apache.catalina.core.StandardService.startInternal Arrancando servicio [Catalina]
16-May-2025 00:16:07.036 INFO [main] org.apache.catalina.core.StandardEngine.startInternal Starting Servlet engine: [Apache Tomcat/10.1.41]
16-May-2025 00:16:07.096 INFO [main] org.apache.catalina.startup.HostConfig.deployDirectory Desplegando el directorio [C:\Users\USER\OneDrive\Documentos\Programacion_Anthony Ramírez\apache-tomcat-10.1.41\webapps\docs] de la aplicación web
16-May-2025 00:16:08.210 INFO [main] org.apache.catalina.startup.HostConfig.deployDirectory Deployment of web application directory [C:\Users\USER\OneDrive\Documentos\Programacion_Anthony Ramírez\apache-tomcat-10.1.41\webapps\docs] has finished in [1.108] ms
16-May-2025 00:16:08.211 INFO [main] org.apache.catalina.startup.HostConfig.deployDirectory Desplegando el directorio [C:\Users\USER\OneDrive\Documentos\Programacion_Anthony Ramírez\apache-tomcat-10.1.41\webapps\examples] de la aplicación web
16-May-2025 00:16:10.439 INFO [main] org.apache.catalina.startup.HostConfig.deployDirectory Deployment of web application directory [C:\Users\USER\OneDrive\Documentos\Programacion_Anthony Ramírez\apache-tomcat-10.1.41\webapps\examples] has finished in [2.227] ms
16-May-2025 00:16:10.440 INFO [main] org.apache.catalina.startup.HostConfig.deployDirectory Desplegando el directorio [C:\Users\USER\OneDrive\Documentos\Programacion_Anthony Ramírez\apache-tomcat-10.1.41\webapps\host-manager] de la aplicación web
16-May-2025 00:16:10.615 INFO [main] org.apache.catalina.startup.HostConfig.deployDirectory Deployment of web application directory [C:\Users\USER\OneDrive\Documentos\Programacion_Anthony Ramírez\apache-tomcat-10.1.41\webapps\host-manager] has finished in [175] ms
16-May-2025 00:16:10.616 INFO [main] org.apache.catalina.startup.HostConfig.deployDirectory Desplegando el directorio [C:\Users\USER\OneDrive\Documentos\Programacion_Anthony Ramírez\apache-tomcat-10.1.41\webapps\manager] de la aplicación web
16-May-2025 00:16:10.791 INFO [main] org.apache.catalina.startup.HostConfig.deployDirectory Deployment of web application directory [C:\Users\USER\OneDrive\Documentos\Programacion_Anthony Ramírez\apache-tomcat-10.1.41\webapps\manager] has finished in [175] ms
16-May-2025 00:16:10.793 INFO [main] org.apache.catalina.startup.HostConfig.deployDirectory Desplegando el directorio [C:\Users\USER\OneDrive\Documentos\Programacion_Anthony Ramírez\apache-tomcat-10.1.41\webapps\ROOT] de la aplicación web
16-May-2025 00:16:10.920 INFO [main] org.apache.catalina.startup.HostConfig.deployDirectory Deployment of web application directory [C:\Users\USER\OneDrive\Documentos\Programacion_Anthony Ramírez\apache-tomcat-10.1.41\webapps\ROOT] has finished in [126] ms
16-May-2025 00:16:10.931 INFO [main] org.apache.coyote.AbstractProtocol.start Starting ProtocolHandler ["http-nio-8080"]
16-May-2025 00:16:10.989 INFO [main] org.apache.catalina.startup.Catalina.start Server startup in [4100] milliseconds
16-May-2025 00:19:01.189 INFO [Catalina-utility-1] org.apache.catalina.startup.HostConfig.deployDirectory Desplegando el directorio [C:\Users\USER\OneDrive\Documentos\Programacion_Anthony Ramírez\apache-tomcat-10.1.41\webapps\krakedev] de la aplicación web
16-May-2025 00:19:01.338 INFO [Catalina-utility-1] org.apache.catalina.startup.HostConfig.deployDirectory Deployment of web application directory [C:\Users\USER\OneDrive\Documentos\Programacion_Anthony Ramírez\apache-tomcat-10.1.41\webapps\krakedev] has finished in [149] ms
16-May-2025 18:52:04.854 INFO [main] org.apache.catalina.startup.VersionLoggerListener.log Nombre de la versión del servidor: Apache Tomcat/10.1.41
16-May-2025 18:52:04.860 INFO [main] org.apache.catalina.startup.VersionLoggerListener.log Server built:                      May 8 2025 12:44:02 UTC
16-May-2025 18:52:04.862 INFO [main] org.apache.catalina.startup.VersionLoggerListener.log Número de versión de servidor:     10.1.41.0
16-May-2025 18:52:04.862 INFO [main] org.apache.catalina.startup.VersionLoggerListener.log OS Name:                           Windows 10
16-May-2025 18:52:04.862 INFO [main] org.apache.catalina.startup.VersionLoggerListener.log Versión de Systema Operativo:      10.0
16-May-2025 18:52:04.863 INFO [main] org.apache.catalina.startup.VersionLoggerListener.log Arquitectura:                      amd64
16-May-2025 18:52:04.863 INFO [main] org.apache.catalina.startup.VersionLoggerListener.log Java Home:                         C:\Program Files\Java\jdk-24
16-May-2025 18:52:04.863 INFO [main] org.apache.catalina.startup.VersionLoggerListener.log JVM Version:                       24.0.1+9-30
16-May-2025 18:52:04.864 INFO [main] org.apache.catalina.startup.VersionLoggerListener.log Vededor JVM:                       Oracle Corporation
16-May-2025 18:52:04.864 INFO [main] org.apache.catalina.startup.VersionLoggerListener.log CATALINA_BASE:                     C:\Users\USER\OneDrive\Documentos\Programacion_Anthony Ramírez\apache-tomcat-10.1.41
16-May-2025 18:52:04.865 INFO [main] org.apache.catalina.startup.VersionLoggerListener.log CATALINA_HOME:                     C:\Users\USER\OneDrive\Documentos\Programacion_Anthony Ramírez\apache-tomcat-10.1.41
16-May-2025 18:52:04.902 INFO [main] org.apache.catalina.startup.VersionLoggerListener.log Command line argument:             -Djava.util.logging.config.file=C:\Users\USER\OneDrive\Documentos\Programacion_Anthony Ramírez\apache-tomcat-10.1.41\conf\logging.properties
16-May-2025 18:52:04.902 INFO [main] org.apache.catalina.startup.VersionLoggerListener.log Command line argument:             -Djava.util.logging.manager=org.apache.juli.ClassLoaderLogManager
16-May-2025 18:52:04.903 INFO [main] org.apache.catalina.startup.VersionLoggerListener.log Command line argument:             -Djdk.tls.ephemeralDHKeySize=2048
16-May-2025 18:52:04.904 INFO [main] org.apache.catalina.startup.VersionLoggerListener.log Command line argument:             -Djava.protocol.handler.pkgs=org.apache.catalina.webresources
16-May-2025 18:52:04.904 INFO [main] org.apache.catalina.startup.VersionLoggerListener.log Command line argument:             -Dsun.io.useCanonCaches=false
16-May-2025 18:52:04.905 INFO [main] org.apache.catalina.startup.VersionLoggerListener.log Command line argument:             --add-opens=java.base/java.lang=ALL-UNNAMED
16-May-2025 18:52:04.906 INFO [main] org.apache.catalina.startup.VersionLoggerListener.log Command line argument:             --add-opens=java.base/java.lang.reflect=ALL-UNNAMED
16-May-2025 18:52:04.907 INFO [main] org.apache.catalina.startup.VersionLoggerListener.log Command line argument:             --add-opens=java.base/java.io=ALL-UNNAMED
16-May-2025 18:52:04.908 INFO [main] org.apache.catalina.startup.VersionLoggerListener.log Command line argument:             --add-opens=java.base/java.util=ALL-UNNAMED
16-May-2025 18:52:04.909 INFO [main] org.apache.catalina.startup.VersionLoggerListener.log Command line argument:             --add-opens=java.base/java.util.concurrent=ALL-UNNAMED
16-May-2025 18:52:04.910 INFO [main] org.apache.catalina.startup.VersionLoggerListener.log Command line argument:             --add-opens=java.rmi/sun.rmi.transport=ALL-UNNAMED
16-May-2025 18:52:04.911 INFO [main] org.apache.catalina.startup.VersionLoggerListener.log Command line argument:             -Dcatalina.base=C:\Users\USER\OneDrive\Documentos\Programacion_Anthony Ramírez\apache-tomcat-10.1.41
16-May-2025 18:52:04.911 INFO [main] org.apache.catalina.startup.VersionLoggerListener.log Command line argument:             -Dcatalina.home=C:\Users\USER\OneDrive\Documentos\Programacion_Anthony Ramírez\apache-tomcat-10.1.41
16-May-2025 18:52:04.912 INFO [main] org.apache.catalina.startup.VersionLoggerListener.log Command line argument:             -Djava.io.tmpdir=C:\Users\USER\OneDrive\Documentos\Programacion_Anthony Ramírez\apache-tomcat-10.1.41\temp
16-May-2025 18:52:04.930 INFO [main] org.apache.catalina.core.AprLifecycleListener.lifecycleEvent Cargada la biblioteca nativa APR de Apache Tomcat [2.0.8] con la versión APR [1.7.4].
16-May-2025 18:52:04.978 INFO [main] org.apache.catalina.core.AprLifecycleListener.initializeSSL OpenSSL inicializado correctamente [OpenSSL 3.0.14 4 Jun 2024]
16-May-2025 18:52:05.759 INFO [main] org.apache.coyote.AbstractProtocol.init Inicializando el manejador de protocolo ["http-nio-8080"]

16-May-2025 18:52:05.819 INFO [main] org.apache.catalina.startup.Catalina.load Server initialization in [1499] milliseconds
16-May-2025 18:52:05.950 INFO [main] org.apache.catalina.core.StandardService.startInternal Arrancando servicio [Catalina]
16-May-2025 18:52:05.951 INFO [main] org.apache.catalina.core.StandardEngine.startInternal Starting Servlet engine: [Apache Tomcat/10.1.41]
16-May-2025 18:52:05.983 INFO [main] org.apache.catalina.startup.HostConfig.deployDirectory Desplegando el directorio [C:\Users\USER\OneDrive\Documentos\Programacion_Anthony Ramírez\apache-tomcat-10.1.41\webapps\docs] de la aplicación web
16-May-2025 18:52:06.852 INFO [main] org.apache.catalina.startup.HostConfig.deployDirectory Deployment of web application directory [C:\Users\USER\OneDrive\Documentos\Programacion_Anthony Ramírez\apache-tomcat-10.1.41\webapps\docs] has finished in [859] ms
16-May-2025 18:52:06.853 INFO [main] org.apache.catalina.startup.HostConfig.deployDirectory Desplegando el directorio [C:\Users\USER\OneDrive\Documentos\Programacion_Anthony Ramírez\apache-tomcat-10.1.41\webapps\examples] de la aplicación web
16-May-2025 18:52:08.563 INFO [main] org.apache.catalina.startup.HostConfig.deployDirectory Deployment of web application directory [C:\Users\USER\OneDrive\Documentos\Programacion_Anthony Ramírez\apache-tomcat-10.1.41\webapps\examples] has finished in [1.709] ms
16-May-2025 18:52:08.564 INFO [main] org.apache.catalina.startup.HostConfig.deployDirectory Desplegando el directorio [C:\Users\USER\OneDrive\Documentos\Programacion_Anthony Ramírez\apache-tomcat-10.1.41\webapps\host-manager] de la aplicación web
16-May-2025 18:52:08.725 INFO [main] org.apache.catalina.startup.HostConfig.deployDirectory Deployment of web application directory [C:\Users\USER\OneDrive\Documentos\Programacion_Anthony Ramírez\apache-tomcat-10.1.41\webapps\host-manager] has finished in [161] ms
16-May-2025 18:52:08.726 INFO [main] org.apache.catalina.startup.HostConfig.deployDirectory Desplegando el directorio [C:\Users\USER\OneDrive\Documentos\Programacion_Anthony Ramírez\apache-tomcat-10.1.41\webapps\krakedev] de la aplicación web
16-May-2025 18:52:08.843 INFO [main] org.apache.catalina.startup.HostConfig.deployDirectory Deployment of web application directory [C:\Users\USER\OneDrive\Documentos\Programacion_Anthony Ramírez\apache-tomcat-10.1.41\webapps\krakedev] has finished in [118] ms
16-May-2025 18:52:08.844 INFO [main] org.apache.catalina.startup.HostConfig.deployDirectory Desplegando el directorio [C:\Users\USER\OneDrive\Documentos\Programacion_Anthony Ramírez\apache-tomcat-10.1.41\webapps\manager] de la aplicación web
16-May-2025 18:52:08.995 INFO [main] org.apache.catalina.startup.HostConfig.deployDirectory Deployment of web application directory [C:\Users\USER\OneDrive\Documentos\Programacion_Anthony Ramírez\apache-tomcat-10.1.41\webapps\manager] has finished in [150] ms
16-May-2025 18:52:08.996 INFO [main] org.apache.catalina.startup.HostConfig.deployDirectory Desplegando el directorio [C:\Users\USER\OneDrive\Documentos\Programacion_Anthony Ramírez\apache-tomcat-10.1.41\webapps\ROOT] de la aplicación web
16-May-2025 18:52:09.097 INFO [main] org.apache.catalina.startup.HostConfig.deployDirectory Deployment of web application directory [C:\Users\USER\OneDrive\Documentos\Programacion_Anthony Ramírez\apache-tomcat-10.1.41\webapps\ROOT] has finished in [102] ms
16-May-2025 18:52:09.098 INFO [main] org.apache.catalina.startup.HostConfig.deployDirectory Desplegando el directorio [C:\Users\USER\OneDrive\Documentos\Programacion_Anthony Ramírez\apache-tomcat-10.1.41\webapps\Viaje] de la aplicación web
16-May-2025 18:52:09.191 INFO [main] org.apache.catalina.startup.HostConfig.deployDirectory Deployment of web application directory [C:\Users\USER\OneDrive\Documentos\Programacion_Anthony Ramírez\apache-tomcat-10.1.41\webapps\Viaje] has finished in [92] ms
16-May-2025 18:52:09.201 INFO [main] org.apache.coyote.AbstractProtocol.start Starting ProtocolHandler ["http-nio-8080"]
16-May-2025 18:52:09.259 INFO [main] org.apache.catalina.startup.Catalina.start Server startup in [3435] milliseconds
